ç is missing from phoibletable.csv
a˦ is missing from phoibletable.csv
e˦ is missing from phoibletable.csv
i˦ is missing from phoibletable.csv
o˦ is missing from phoibletable.csv
u˦ is missing from phoibletable.csv
ʔa is missing from phoibletable.csv
ʔu is missing from phoibletable.csv
ʔi is missing from phoibletable.csv
ʔaː is missing from phoibletable.csv
gː is missing from phoibletable.csv
َ is missing from phoibletable.csv
ُ‬ is missing from phoibletable.csv
ِ is missing from phoibletable.csv
a˥ is missing from phoibletable.csv
a˧ is missing from phoibletable.csv
a˩ is missing from phoibletable.csv
e˥ is missing from phoibletable.csv
e˧ is missing from phoibletable.csv
e˩ is missing from phoibletable.csv
ɛ˥ is missing from phoibletable.csv
ɛ˩ is missing from phoibletable.csv
çᶣ is missing from phoibletable.csv
i˥ is missing from phoibletable.csv
i˩ is missing from phoibletable.csv
m˥ is missing from phoibletable.csv
n˧ is missing from phoibletable.csv
ɔ˥ is missing from phoibletable.csv
ɔ́ is missing from phoibletable.csv
o˥ is missing from phoibletable.csv
o˧ is missing from phoibletable.csv
o˩ is missing from phoibletable.csv
u˥ is missing from phoibletable.csv
u˧ is missing from phoibletable.csv
ɪ˥ is missing from phoibletable.csv
æ˩ is missing from phoibletable.csv
ɪ˩ is missing from phoibletable.csv
u˩ is missing from phoibletable.csv
ʊ˩ is missing from phoibletable.csv
ʊ˥ is missing from phoibletable.csv
ɔ˩ is missing from phoibletable.csv
n˩ is missing from phoibletable.csv
ʷa is missing from phoibletable.csv
ʷə is missing from phoibletable.csv
ʷi is missing from phoibletable.csv
ʷe is missing from phoibletable.csv
ʷɨ is missing from phoibletable.csv
t' is missing from phoibletable.csv
tʃ' is missing from phoibletable.csv
p' is missing from phoibletable.csv
ts' is missing from phoibletable.csv
[section] is missing from phoibletable.csv
[word] is missing from phoibletable.csv
[clause] is missing from phoibletable.csv
[phrase] is missing from phoibletable.csv
[semicolon] is missing from phoibletable.csv
[colon] is missing from phoibletable.csv
[preface_colon] is missing from phoibletable.csv
[question] is missing from phoibletable.csv
[paragraph] is missing from phoibletable.csv
eps is missing from phoibletable.csv
ّb is missing from phoibletable.csv
ّf is missing from phoibletable.csv
- is missing from phoibletable.csv
ّa is missing from phoibletable.csv
ّ is missing from phoibletable.csv
ّð is missing from phoibletable.csv
ة is missing from phoibletable.csv
ّn is missing from phoibletable.csv
ّaː is missing from phoibletable.csv
یuː is missing from phoibletable.csv
ّʕ is missing from phoibletable.csv
ّl is missing from phoibletable.csv
ّiː is missing from phoibletable.csv
ّh is missing from phoibletable.csv
ّq is missing from phoibletable.csv
ّs is missing from phoibletable.csv
-r is missing from phoibletable.csv
نرال is missing from phoibletable.csv
غانستان is missing from phoibletable.csv
ّħ is missing from phoibletable.csv
ی is missing from phoibletable.csv
و is missing from phoibletable.csv
ّw is missing from phoibletable.csv
ّ- is missing from phoibletable.csv
یħ is missing from phoibletable.csv
Zl is missing from phoibletable.csv
لت is missing from phoibletable.csv
ّr is missing from phoibletable.csv
ر is missing from phoibletable.csv
ّʔ is missing from phoibletable.csv
کaː is missing from phoibletable.csv
ّx is missing from phoibletable.csv
ل is missing from phoibletable.csv
دا is missing from phoibletable.csv
ّt is missing from phoibletable.csv
ّm is missing from phoibletable.csv
ية is missing from phoibletable.csv
Zm is missing from phoibletable.csv
-t is missing from phoibletable.csv
ولا is missing from phoibletable.csv
رت is missing from phoibletable.csv
ّk is missing from phoibletable.csv
نز is missing from phoibletable.csv
ي is missing from phoibletable.csv
ت is missing from phoibletable.csv
وف is missing from phoibletable.csv
-l is missing from phoibletable.csv
لوبال is missing from phoibletable.csv
تين is missing from phoibletable.csv
ابة is missing from phoibletable.csv
م is missing from phoibletable.csv
Zf is missing from phoibletable.csv
ديد is missing from phoibletable.csv
لس is missing from phoibletable.csv
ّd is missing from phoibletable.csv
یn is missing from phoibletable.csv
Ziː is missing from phoibletable.csv
Z- is missing from phoibletable.csv
-Zaː is missing from phoibletable.csv
Zیf is missing from phoibletable.csv
Ql is missing from phoibletable.csv
ب is missing from phoibletable.csv
Zr is missing from phoibletable.csv
ول is missing from phoibletable.csv
ايلكو is missing from phoibletable.csv
’ is missing from phoibletable.csv
یa is missing from phoibletable.csv
اق is missing from phoibletable.csv
ات is missing from phoibletable.csv
اوب is missing from phoibletable.csv
ّu is missing from phoibletable.csv
صر is missing from phoibletable.csv
ه is missing from phoibletable.csv
ال is missing from phoibletable.csv
ّkː is missing from phoibletable.csv
يبوا is missing from phoibletable.csv
ّʒ is missing from phoibletable.csv
زيرة is missing from phoibletable.csv
ج is missing from phoibletable.csv
ن is missing from phoibletable.csv
وية is missing from phoibletable.csv
نوبية is missing from phoibletable.csv
مع is missing from phoibletable.csv
لعاتشوليت is missing from phoibletable.csv
غرفيا is missing from phoibletable.csv
اسم is missing from phoibletable.csv
بر is missing from phoibletable.csv
Zh is missing from phoibletable.csv
زيره is missing from phoibletable.csv
لة is missing from phoibletable.csv
از is missing from phoibletable.csv
ميل is missing from phoibletable.csv
عت is missing from phoibletable.csv
Zaː is missing from phoibletable.csv
در is missing from phoibletable.csv
-h is missing from phoibletable.csv
نب is missing from phoibletable.csv
يه is missing from phoibletable.csv
اه is missing from phoibletable.csv
الات is missing from phoibletable.csv
Z is missing from phoibletable.csv
-x is missing from phoibletable.csv
ّmː is missing from phoibletable.csv
ّz is missing from phoibletable.csv
الت is missing from phoibletable.csv
ور is missing from phoibletable.csv
الوا is missing from phoibletable.csv
ولك is missing from phoibletable.csv
لسوا is missing from phoibletable.csv
لنالهم is missing from phoibletable.csv
لنا is missing from phoibletable.csv
ولون is missing from phoibletable.csv
ته is missing from phoibletable.csv
اعدين is missing from phoibletable.csv
فتوا is missing from phoibletable.csv
زء is missing from phoibletable.csv
طر is missing from phoibletable.csv
ازه is missing from phoibletable.csv
له is missing from phoibletable.csv
لته is missing from phoibletable.csv
د is missing from phoibletable.csv
ليز is missing from phoibletable.csv
ّðˤ is missing from phoibletable.csv
ولي is missing from phoibletable.csv
وله is missing from phoibletable.csv
وا is missing from phoibletable.csv
يا is missing from phoibletable.csv
ادرين is missing from phoibletable.csv
وم is missing from phoibletable.csv
ندي is missing from phoibletable.csv
زي is missing from phoibletable.csv
ّsˤ is missing from phoibletable.csv
هة is missing from phoibletable.csv
-ʔ is missing from phoibletable.csv
ف is missing from phoibletable.csv
يرة is missing from phoibletable.csv
ولوا is missing from phoibletable.csv
ولونه is missing from phoibletable.csv
ولها is missing from phoibletable.csv
معات is missing from phoibletable.csv
نبية is missing from phoibletable.csv
ابريلا is missing from phoibletable.csv
بله is missing from phoibletable.csv
ديدة is missing from phoibletable.csv
نوب is missing from phoibletable.csv
زيلا is missing from phoibletable.csv
ّdʒ is missing from phoibletable.csv
زة is missing from phoibletable.csv
ماع is missing from phoibletable.csv
ّʃ is missing from phoibletable.csv
ئتم is missing from phoibletable.csv
أة is missing from phoibletable.csv
ميع is missing from phoibletable.csv
ري is missing from phoibletable.csv
يدا is missing from phoibletable.csv
ينيسي is missing from phoibletable.csv
ديا is missing from phoibletable.csv
-aɪ is missing from phoibletable.csv
انب is missing from phoibletable.csv
امعة is missing from phoibletable.csv
دي is missing from phoibletable.csv
سدوه is missing from phoibletable.csv
يده is missing from phoibletable.csv
اد is missing from phoibletable.csv
ام is missing from phoibletable.csv
دية is missing from phoibletable.csv
ورج is missing from phoibletable.csv
ودة is missing from phoibletable.csv
رد is missing from phoibletable.csv
لسة is missing from phoibletable.csv
منا is missing from phoibletable.csv
يدة is missing from phoibletable.csv
مها is missing from phoibletable.csv
هود is missing from phoibletable.csv
ملة is missing from phoibletable.csv
ّj is missing from phoibletable.csv
ود is missing from phoibletable.csv
منت is missing from phoibletable.csv
دول is missing from phoibletable.csv
هد is missing from phoibletable.csv
ّtˤ is missing from phoibletable.csv
اريا is missing from phoibletable.csv
فون is missing from phoibletable.csv
اح is missing from phoibletable.csv
ز is missing from phoibletable.csv
اء is missing from phoibletable.csv
دهم is missing from phoibletable.csv
ادرة is missing from phoibletable.csv
ا is missing from phoibletable.csv
اج is missing from phoibletable.csv
بهات is missing from phoibletable.csv
بهتها is missing from phoibletable.csv
ح is missing from phoibletable.csv
ملنا is missing from phoibletable.csv
الة is missing from phoibletable.csv
اري is missing from phoibletable.csv
ّɣ is missing from phoibletable.csv
دوى is missing from phoibletable.csv
ّdˤ is missing from phoibletable.csv
ستير is missing from phoibletable.csv
نة is missing from phoibletable.csv
الس is missing from phoibletable.csv
لات is missing from phoibletable.csv
ندات is missing from phoibletable.csv
ع is missing from phoibletable.csv
رو is missing from phoibletable.csv
ّθ is missing from phoibletable.csv
اعد is missing from phoibletable.csv
زائر is missing from phoibletable.csv
زاير is missing from phoibletable.csv
راء is missing from phoibletable.csv
راحيه is missing from phoibletable.csv
هه is missing from phoibletable.csv
معية is missing from phoibletable.csv
زيل is missing from phoibletable.csv
هودها is missing from phoibletable.csv
ابية is missing from phoibletable.csv
يلاي is missing from phoibletable.csv
ريها is missing from phoibletable.csv
رى is missing from phoibletable.csv
ّʕː is missing from phoibletable.csv
نا is missing from phoibletable.csv
-m is missing from phoibletable.csv
! is missing from phoibletable.csv
ى is missing from phoibletable.csv
ني is missing from phoibletable.csv
ون is missing from phoibletable.csv
ّی is missing from phoibletable.csv
امت is missing from phoibletable.csv
ريبه is missing from phoibletable.csv
يسها is missing from phoibletable.csv
ار is missing from phoibletable.csv
ّtˤː is missing from phoibletable.csv
بل is missing from phoibletable.csv
کuː is missing from phoibletable.csv
ّi is missing from phoibletable.csv
صرة is missing from phoibletable.csv
هت is missing from phoibletable.csv
أت is missing from phoibletable.csv
ألهمش is missing from phoibletable.csv
يني is missing from phoibletable.csv
زابهم is missing from phoibletable.csv
هات is missing from phoibletable.csv
زاهم is missing from phoibletable.csv
زاها is missing from phoibletable.csv
صرتي is missing from phoibletable.csv
ّwː is missing from phoibletable.csv
تماعي is missing from phoibletable.csv
تمع is missing from phoibletable.csv
يل is missing from phoibletable.csv
رايد is missing from phoibletable.csv
ّaɪ is missing from phoibletable.csv
عدوا is missing from phoibletable.csv
ينا is missing from phoibletable.csv
لول is missing from phoibletable.csv
الول is missing from phoibletable.csv
درون is missing from phoibletable.csv
يلا is missing from phoibletable.csv
لل is missing from phoibletable.csv
فة is missing from phoibletable.csv
فلتوا is missing from phoibletable.csv
وة is missing from phoibletable.csv
ابلها is missing from phoibletable.csv
عدت is missing from phoibletable.csv
طري is missing from phoibletable.csv
طرية is missing from phoibletable.csv
بدهم is missing from phoibletable.csv
الي is missing from phoibletable.csv
اعدة is missing from phoibletable.csv
وك is missing from phoibletable.csv
ريد is missing from phoibletable.csv
نسيا is missing from phoibletable.csv
وه is missing from phoibletable.csv
راءات is missing from phoibletable.csv
يها is missing from phoibletable.csv
وق is missing from phoibletable.csv
لتها is missing from phoibletable.csv
يات is missing from phoibletable.csv
يق is missing from phoibletable.csv
عد is missing from phoibletable.csv
یʔ is missing from phoibletable.csv
افوني is missing from phoibletable.csv
ولتهم is missing from phoibletable.csv
ك is missing from phoibletable.csv
درين is missing from phoibletable.csv
ولين is missing from phoibletable.csv
يز is missing from phoibletable.csv
بلها is missing from phoibletable.csv
فال is missing from phoibletable.csv
درنا is missing from phoibletable.csv
دموا is missing from phoibletable.csv
ايل is missing from phoibletable.csv
لب is missing from phoibletable.csv
یaː is missing from phoibletable.csv
ّʒː is missing from phoibletable.csv
ريب is missing from phoibletable.csv
هاي is missing from phoibletable.csv
الها is missing from phoibletable.csv
بظ is missing from phoibletable.csv
اصر is missing from phoibletable.csv
لا is missing from phoibletable.csv
اع is missing from phoibletable.csv
وفي is missing from phoibletable.csv
صروا is missing from phoibletable.csv
ربتك is missing from phoibletable.csv
مل is missing from phoibletable.csv
الاتهم is missing from phoibletable.csv
الهم is missing from phoibletable.csv
ماهير is missing from phoibletable.csv
-ħ is missing from phoibletable.csv
لبك is missing from phoibletable.csv
ازة is missing from phoibletable.csv
عته is missing from phoibletable.csv
موعة is missing from phoibletable.csv
درت is missing from phoibletable.csv
ريدة is missing from phoibletable.csv
يد is missing from phoibletable.csv
ميلة is missing from phoibletable.csv
دد is missing from phoibletable.csv
واء is missing from phoibletable.csv
املات is missing from phoibletable.csv
ربته is missing from phoibletable.csv
ميت is missing from phoibletable.csv
Za is missing from phoibletable.csv
ودين is missing from phoibletable.csv
-s is missing from phoibletable.csv
وفون is missing from phoibletable.csv
الب is missing from phoibletable.csv
دك is missing from phoibletable.csv
مهورك is missing from phoibletable.csv
دة is missing from phoibletable.csv
لی is missing from phoibletable.csv
grade is missing from phoibletable.csv
رب is missing from phoibletable.csv
رز is missing from phoibletable.csv
أناهم is missing from phoibletable.csv
ء is missing from phoibletable.csv
ربة is missing from phoibletable.csv
وز is missing from phoibletable.csv
-d is missing from phoibletable.csv
.. is missing from phoibletable.csv
لتي is missing from phoibletable.csv
يال is missing from phoibletable.csv
ديده is missing from phoibletable.csv
هزة is missing from phoibletable.csv
تمعات is missing from phoibletable.csv
معي is missing from phoibletable.csv
ين is missing from phoibletable.csv
هها is missing from phoibletable.csv
عنا is missing from phoibletable.csv
بنا is missing from phoibletable.csv
وفوا is missing from phoibletable.csv
بره is missing from phoibletable.csv
یʕ is missing from phoibletable.csv
اير is missing from phoibletable.csv
يتامين is missing from phoibletable.csv
ينت is missing from phoibletable.csv
-k is missing from phoibletable.csv
دل is missing from phoibletable.csv
ايروس is missing from phoibletable.csv
معنا is missing from phoibletable.csv
یة is missing from phoibletable.csv
تماعیة is missing from phoibletable.csv
امل is missing from phoibletable.csv
مهورهم is missing from phoibletable.csv
دكم is missing from phoibletable.csv
کi is missing from phoibletable.csv
تمعنا is missing from phoibletable.csv
کd is missing from phoibletable.csv
تماعية is missing from phoibletable.csv
روبات is missing from phoibletable.csv
روب is missing from phoibletable.csv
ليزي is missing from phoibletable.csv
توها is missing from phoibletable.csv
کa is missing from phoibletable.csv
لتوها is missing from phoibletable.csv
يلها is missing from phoibletable.csv
ذي is missing from phoibletable.csv
يين is missing from phoibletable.csv
~r is missing from phoibletable.csv
وى is missing from phoibletable.csv
وده is missing from phoibletable.csv
وها is missing from phoibletable.csv
يديوز is missing from phoibletable.csv
يديوهات is missing from phoibletable.csv
يديو is missing from phoibletable.csv
يوتر is missing from phoibletable.csv
يانو is missing from phoibletable.csv
معكم is missing from phoibletable.csv
ودكم is missing from phoibletable.csv
هم is missing from phoibletable.csv
دوا is missing from phoibletable.csv
دين is missing from phoibletable.csv
ميلي is missing from phoibletable.csv
اله is missing from phoibletable.csv
-tˤ is missing from phoibletable.csv
اعدق is missing from phoibletable.csv
بلي is missing from phoibletable.csv
يت is missing from phoibletable.csv
یh is missing from phoibletable.csv
طوطين is missing from phoibletable.csv
دامنا is missing from phoibletable.csv
بدي is missing from phoibletable.csv
راج is missing from phoibletable.csv
رود is missing from phoibletable.csv
متك is missing from phoibletable.csv
ولتم is missing from phoibletable.csv
ّuː is missing from phoibletable.csv
تلي is missing from phoibletable.csv
طع is missing from phoibletable.csv
ذاب is missing from phoibletable.csv
الك is missing from phoibletable.csv
تيه is missing from phoibletable.csv
طعة is missing from phoibletable.csv
ّtʃ is missing from phoibletable.csv
ايلي is missing from phoibletable.csv
لي is missing from phoibletable.csv
ها is missing from phoibletable.csv
ذب is missing from phoibletable.csv
مة is missing from phoibletable.csv
وليلها is missing from phoibletable.csv
عدي is missing from phoibletable.csv
تله is missing from phoibletable.csv
طوع is missing from phoibletable.csv
صرتوا is missing from phoibletable.csv
من is missing from phoibletable.csv
ينه is missing from phoibletable.csv
يكي is missing from phoibletable.csv
بد is missing from phoibletable.csv
لها is missing from phoibletable.csv
ص is missing from phoibletable.csv
نك is missing from phoibletable.csv
يلة is missing from phoibletable.csv
عدنا is missing from phoibletable.csv
وفين is missing from phoibletable.csv
اتا is missing from phoibletable.csv
ان is missing from phoibletable.csv
يك is missing from phoibletable.csv
تي is missing from phoibletable.csv
نها is missing from phoibletable.csv
نهم is missing from phoibletable.csv
طارة is missing from phoibletable.csv
ولج is missing from phoibletable.csv
يتي is missing from phoibletable.csv
وفيني is missing from phoibletable.csv
تلك is missing from phoibletable.csv
فك is missing from phoibletable.csv
نه is missing from phoibletable.csv
صون is missing from phoibletable.csv
اف is missing from phoibletable.csv
ومي is missing from phoibletable.csv
التها is missing from phoibletable.csv
افوا is missing from phoibletable.csv
وفهم is missing from phoibletable.csv
لتوا is missing from phoibletable.csv
فين is missing from phoibletable.csv
ّtː is missing from phoibletable.csv
وفينه is missing from phoibletable.csv
ّg is missing from phoibletable.csv
ده is missing from phoibletable.csv
لبي is missing from phoibletable.csv
صور is missing from phoibletable.csv
رق is missing from phoibletable.csv
داي is missing from phoibletable.csv
افه is missing from phoibletable.csv
اي is missing from phoibletable.csv
بها is missing from phoibletable.csv
ع- is missing from phoibletable.csv
هوته is missing from phoibletable.csv
فت is missing from phoibletable.csv
ظني is missing from phoibletable.csv
لج is missing from phoibletable.csv
ابظتني is missing from phoibletable.csv
اصتني is missing from phoibletable.csv
اها is missing from phoibletable.csv
ربت is missing from phoibletable.csv
ادر is missing from phoibletable.csv
وفه is missing from phoibletable.csv
صرون is missing from phoibletable.csv
ناص is missing from phoibletable.csv
زرت is missing from phoibletable.csv
تفي is missing from phoibletable.csv
بس is missing from phoibletable.csv
وي is missing from phoibletable.csv
ولته is missing from phoibletable.csv
صرنا is missing from phoibletable.csv
کّk is missing from phoibletable.csv
قهوة is missing from phoibletable.csv
طعنا is missing from phoibletable.csv
مت is missing from phoibletable.csv
ايلة is missing from phoibletable.csv
لاص is missing from phoibletable.csv
صة is missing from phoibletable.csv
تهم is missing from phoibletable.csv
هوة is missing from phoibletable.csv
وفونه is missing from phoibletable.csv
ظتوني is missing from phoibletable.csv
صيت is missing from phoibletable.csv
کu is missing from phoibletable.csv
به is missing from phoibletable.csv
طوه is missing from phoibletable.csv
ّlː is missing from phoibletable.csv
هوى is missing from phoibletable.csv
هوتك is missing from phoibletable.csv
بني is missing from phoibletable.csv
فنا is missing from phoibletable.csv
تكم is missing from phoibletable.csv
فكم is missing from phoibletable.csv
طعت is missing from phoibletable.csv
ارة is missing from phoibletable.csv
ايق is missing from phoibletable.csv
فتها is missing from phoibletable.csv
ومة is missing from phoibletable.csv
يتها is missing from phoibletable.csv
مه is missing from phoibletable.csv
اطع is missing from phoibletable.csv
اطعني is missing from phoibletable.csv
؟ is missing from phoibletable.csv
عدك is missing from phoibletable.csv
ّrː is missing from phoibletable.csv
يلاجيو is missing from phoibletable.csv
فته is missing from phoibletable.csv
بدك is missing from phoibletable.csv
ايف is missing from phoibletable.csv
نكم is missing from phoibletable.csv
لوب is missing from phoibletable.csv
لبه is missing from phoibletable.csv
و- is missing from phoibletable.csv
طعهم is missing from phoibletable.csv
ق is missing from phoibletable.csv
ايفهم is missing from phoibletable.csv
یf is missing from phoibletable.csv
ش is missing from phoibletable.csv
طون is missing from phoibletable.csv
ولكم is missing from phoibletable.csv
فتيه is missing from phoibletable.csv
اطة is missing from phoibletable.csv
افتني is missing from phoibletable.csv
طت is missing from phoibletable.csv
اط is missing from phoibletable.csv
لم is missing from phoibletable.csv
عدة is missing from phoibletable.csv
لأ is missing from phoibletable.csv
ک is missing from phoibletable.csv
رك is missing from phoibletable.csv
وني is missing from phoibletable.csv
زيون is missing from phoibletable.csv
تها is missing from phoibletable.csv
يته is missing from phoibletable.csv
ويه is missing from phoibletable.csv
وفك is missing from phoibletable.csv
ولتها is missing from phoibletable.csv
دها is missing from phoibletable.csv
لح is missing from phoibletable.csv
وفها is missing from phoibletable.csv
ذبون is missing from phoibletable.csv
اع- is missing from phoibletable.csv
-ʕ is missing from phoibletable.csv
ط is missing from phoibletable.csv
برها is missing from phoibletable.csv
بري is missing from phoibletable.csv
تني is missing from phoibletable.csv
تماعات is missing from phoibletable.csv
دم is missing from phoibletable.csv
لوه is missing from phoibletable.csv
سمنا is missing from phoibletable.csv
یr is missing from phoibletable.csv
وفيها is missing from phoibletable.csv
لتين is missing from phoibletable.csv
ايفتك is missing from phoibletable.csv
ارب is missing from phoibletable.csv
بة is missing from phoibletable.csv
النسيا is missing from phoibletable.csv
ابت is missing from phoibletable.csv
ونين is missing from phoibletable.csv
كم is missing from phoibletable.csv
لينها is missing from phoibletable.csv
بتها is missing from phoibletable.csv
طه is missing from phoibletable.csv
ومون is missing from phoibletable.csv
يس is missing from phoibletable.csv
طة is missing from phoibletable.csv
ريت is missing from phoibletable.csv
ولة is missing from phoibletable.csv
فناها is missing from phoibletable.csv
طوا is missing from phoibletable.csv
وفكم is missing from phoibletable.csv
افته is missing from phoibletable.csv
اني is missing from phoibletable.csv
ّZj is missing from phoibletable.csv
را is missing from phoibletable.csv
صه is missing from phoibletable.csv
انين is missing from phoibletable.csv
ينة is missing from phoibletable.csv
صين is missing from phoibletable.csv
فوني is missing from phoibletable.csv
Zj is missing from phoibletable.csv
ونسر is missing from phoibletable.csv
لاتيني is missing from phoibletable.csv
كيه is missing from phoibletable.csv
ّjː is missing from phoibletable.csv
صب is missing from phoibletable.csv
توا is missing from phoibletable.csv
يكولاماناندو is missing from phoibletable.csv
تك is missing from phoibletable.csv
ارشلونه is missing from phoibletable.csv
ظب is missing from phoibletable.csv
طعين is missing from phoibletable.csv
درتي is missing from phoibletable.csv
ينها is missing from phoibletable.csv
افوهم is missing from phoibletable.csv
ربوا is missing from phoibletable.csv
ايفه is missing from phoibletable.csv
اعده is missing from phoibletable.csv
انيا is missing from phoibletable.csv
شريه is missing from phoibletable.csv
شره is missing from phoibletable.csv
شوره is missing from phoibletable.csv
شور is missing from phoibletable.csv
شر is missing from phoibletable.csv
افني is missing from phoibletable.csv
صتين is missing from phoibletable.csv
لبت is missing from phoibletable.csv
دور is missing from phoibletable.csv
-- is missing from phoibletable.csv
اك is missing from phoibletable.csv
متي is missing from phoibletable.csv
مب is missing from phoibletable.csv
راند is missing from phoibletable.csv
صكم is missing from phoibletable.csv
وفوه is missing from phoibletable.csv
فتوه is missing from phoibletable.csv
بوا is missing from phoibletable.csv
ايلنا is missing from phoibletable.csv
اموا is missing from phoibletable.csv
بتك is missing from phoibletable.csv
بتي is missing from phoibletable.csv
عدوني is missing from phoibletable.csv
اص is missing from phoibletable.csv
روه is missing from phoibletable.csv
ذبت is missing from phoibletable.csv
ابل is missing from phoibletable.csv
Zb is missing from phoibletable.csv
اب is missing from phoibletable.csv
عوا is missing from phoibletable.csv
عدون is missing from phoibletable.csv
ايك is missing from phoibletable.csv
اية is missing from phoibletable.csv
الج is missing from phoibletable.csv
یg is missing from phoibletable.csv
ربون is missing from phoibletable.csv
يبهم is missing from phoibletable.csv
يبهولو is missing from phoibletable.csv
واطي is missing from phoibletable.csv
یd is missing from phoibletable.csv
الو is missing from phoibletable.csv
~ is missing from phoibletable.csv
یs is missing from phoibletable.csv
-ʃ is missing from phoibletable.csv
تيني is missing from phoibletable.csv
کiː is missing from phoibletable.csv
تهد is missing from phoibletable.csv
بك is missing from phoibletable.csv
دع is missing from phoibletable.csv
رة is missing from phoibletable.csv
بيرة is missing from phoibletable.csv
ولتك is missing from phoibletable.csv
عدني is missing from phoibletable.csv
صورة is missing from phoibletable.csv
هز is missing from phoibletable.csv
تج is missing from phoibletable.csv
وفني is missing from phoibletable.csv
ديم is missing from phoibletable.csv
رنتي is missing from phoibletable.csv
وال is missing from phoibletable.csv
نون is missing from phoibletable.csv
Zbː is missing from phoibletable.csv
صيدة is missing from phoibletable.csv
بيلة is missing from phoibletable.csv
ينج is missing from phoibletable.csv
اتها is missing from phoibletable.csv
عده is missing from phoibletable.csv
وموا is missing from phoibletable.csv
تنا is missing from phoibletable.csv
ماعة is missing from phoibletable.csv
Zn is missing from phoibletable.csv
لبون is missing from phoibletable.csv
هووا is missing from phoibletable.csv
بايل is missing from phoibletable.csv
صيد is missing from phoibletable.csv
بيلتنا is missing from phoibletable.csv
فتك is missing from phoibletable.csv
یb is missing from phoibletable.csv
بتكم is missing from phoibletable.csv
طيته is missing from phoibletable.csv
طيتي is missing from phoibletable.csv
فه is missing from phoibletable.csv
ير is missing from phoibletable.csv
tʂ is missing from phoibletable.csv
ʲ is missing from phoibletable.csv
∅ is missing from phoibletable.csv
ṛ is missing from phoibletable.csv
ḷ is missing from phoibletable.csv
ɡʰ is missing from phoibletable.csv
dʒʰ is missing from phoibletable.csv
ɖʰ is missing from phoibletable.csv
d̪ʰ is missing from phoibletable.csv
bʰ is missing from phoibletable.csv
kkɦ is missing from phoibletable.csv
gg is missing from phoibletable.csv
ḥ is missing from phoibletable.csv
1 is missing from phoibletable.csv
2 is missing from phoibletable.csv
3 is missing from phoibletable.csv
4 is missing from phoibletable.csv
5 is missing from phoibletable.csv
6 is missing from phoibletable.csv
7 is missing from phoibletable.csv
8 is missing from phoibletable.csv
9 is missing from phoibletable.csv
0 is missing from phoibletable.csv
nj is missing from phoibletable.csv
t͡ʃ is missing from phoibletable.csv
ʷ is missing from phoibletable.csv
dʒʱ is missing from phoibletable.csv
kʂ is missing from phoibletable.csv
ṃ is missing from phoibletable.csv
ː is missing from phoibletable.csv
[document] is missing from phoibletable.csv
[item] is missing from phoibletable.csv
[syllable] is missing from phoibletable.csv
[sentence] is missing from phoibletable.csv
[topic] is missing from phoibletable.csv
[repetition] is missing from phoibletable.csv
[open-parenthesis] is missing from phoibletable.csv
[close-parenthesis] is missing from phoibletable.csv
[open-brace] is missing from phoibletable.csv
[close-brace] is missing from phoibletable.csv
jɐ is missing from phoibletable.csv
M is missing from phoibletable.csv
S is missing from phoibletable.csv
ks is missing from phoibletable.csv
ä is missing from phoibletable.csv
ɯ̯ʌ is missing from phoibletable.csv
aɪ̯ is missing from phoibletable.csv
eɪ̯ is missing from phoibletable.csv
i̯ä is missing from phoibletable.csv
i̯ɛ is missing from phoibletable.csv
i̯ɑʊ is missing from phoibletable.csv
i̯oʊ is missing from phoibletable.csv
i̯ɑ is missing from phoibletable.csv
u̯ä is missing from phoibletable.csv
u̯ɔ is missing from phoibletable.csv
uaɪ is missing from phoibletable.csv
ueɪ is missing from phoibletable.csv
uä is missing from phoibletable.csv
uɑ is missing from phoibletable.csv
uɤ is missing from phoibletable.csv
yœ is missing from phoibletable.csv
yɛ is missing from phoibletable.csv
i̯ɔ is missing from phoibletable.csv
˨˩˦ is missing from phoibletable.csv
kv is missing from phoibletable.csv
kw is missing from phoibletable.csv
ɔʏ is missing from phoibletable.csv
Ø is missing from phoibletable.csv
ɚ is missing from phoibletable.csv
əl is missing from phoibletable.csv
# is missing from phoibletable.csv
ˌʌ is missing from phoibletable.csv
. is missing from phoibletable.csv
ˌoʊ is missing from phoibletable.csv
ˈɛ is missing from phoibletable.csv
ˌɪ is missing from phoibletable.csv
ˈei is missing from phoibletable.csv
ˌɛ is missing from phoibletable.csv
ˈʌ is missing from phoibletable.csv
ˌei is missing from phoibletable.csv
ˌæ is missing from phoibletable.csv
ˈi is missing from phoibletable.csv
ˈɑ is missing from phoibletable.csv
ˌɑ is missing from phoibletable.csv
ˈʊ is missing from phoibletable.csv
ˈu is missing from phoibletable.csv
ˈoʊ is missing from phoibletable.csv
ˈæ is missing from phoibletable.csv
ˌi is missing from phoibletable.csv
ɑɪ is missing from phoibletable.csv
ˌʊ is missing from phoibletable.csv
ˌɔ is missing from phoibletable.csv
ˌɑɪ is missing from phoibletable.csv
ˈɪ is missing from phoibletable.csv
ˈɝ is missing from phoibletable.csv
t˺ is missing from phoibletable.csv
ˈɑɪ is missing from phoibletable.csv
ˌaʊ is missing from phoibletable.csv
ˈaʊ is missing from phoibletable.csv
ˌu is missing from phoibletable.csv
d˺ is missing from phoibletable.csv
ˈɔ is missing from phoibletable.csv
ˈn̩ is missing from phoibletable.csv
ˌl̩ is missing from phoibletable.csv
ˌɔi is missing from phoibletable.csv
ˈl̩ is missing from phoibletable.csv
ˌɝ is missing from phoibletable.csv
ˈɔi is missing from phoibletable.csv
ˌn̩ is missing from phoibletable.csv
ˌə is missing from phoibletable.csv
b̥ is missing from phoibletable.csv
d̥ is missing from phoibletable.csv
ɡ̊ is missing from phoibletable.csv
http-equiv="Content-Type" is missing from phoibletable.csv
content="text/html;charset=UTF-8"></head><body is missing from phoibletable.csv
bgcolor="#ffffff"><pre> is missing from phoibletable.csv
ndʒ is missing from phoibletable.csv
ɡʒ is missing from phoibletable.csv
waj is missing from phoibletable.csv
wɛ̃ is missing from phoibletable.csv
tj is missing from phoibletable.csv
ɥil is missing from phoibletable.csv
ɥɛ̃ is missing from phoibletable.csv
ã is missing from phoibletable.csv
ẽ is missing from phoibletable.csv
ĩ is missing from phoibletable.csv
õ is missing from phoibletable.csv
ũ is missing from phoibletable.csv
ʋ̃ is missing from phoibletable.csv
əj is missing from phoibletable.csv
əʋ is missing from phoibletable.csv
ṁ is missing from phoibletable.csv
ṣ is missing from phoibletable.csv
vn is missing from phoibletable.csv
‎ is missing from phoibletable.csv
k’ is missing from phoibletable.csv
a˨ is missing from phoibletable.csv
a˥˩ is missing from phoibletable.csv
e˨ is missing from phoibletable.csv
e˥˩ is missing from phoibletable.csv
i˨ is missing from phoibletable.csv
i˥˩ is missing from phoibletable.csv
o˨ is missing from phoibletable.csv
o˥˩ is missing from phoibletable.csv
u˨ is missing from phoibletable.csv
u˥˩ is missing from phoibletable.csv
[chapter] is missing from phoibletable.csv
mˡ is missing from phoibletable.csv
pˡ is missing from phoibletable.csv
tˡ is missing from phoibletable.csv
ᵐb is missing from phoibletable.csv
ᵐbˡ is missing from phoibletable.csv
ⁿd is missing from phoibletable.csv
ⁿdˡ is missing from phoibletable.csv
ᶯɖ is missing from phoibletable.csv
ᶮɟ is missing from phoibletable.csv
ᵑɡ is missing from phoibletable.csv
ᶰɢ is missing from phoibletable.csv
ⁿdz is missing from phoibletable.csv
ᶯɖʐ is missing from phoibletable.csv
m̥ɬ is missing from phoibletable.csv
pɬ is missing from phoibletable.csv
ᵐbʱ is missing from phoibletable.csv
ᵐbɮ is missing from phoibletable.csv
ⁿdʱ is missing from phoibletable.csv
ⁿdɮ is missing from phoibletable.csv
ᶯɖʱ is missing from phoibletable.csv
ᶮɟʱ is missing from phoibletable.csv
ᵑɡʱ is missing from phoibletable.csv
ᶰɢʱ is missing from phoibletable.csv
ⁿdzʱ is missing from phoibletable.csv
ᶯɖʐʱ is missing from phoibletable.csv
ʔ˧˩ is missing from phoibletable.csv
ʔ˩˧ is missing from phoibletable.csv
h˧˩ is missing from phoibletable.csv
[exclamation] is missing from phoibletable.csv
[emphasis] is missing from phoibletable.csv
ɡw is missing from phoibletable.csv
ŋw is missing from phoibletable.csv
ʊi̯ is missing from phoibletable.csv
ɖ̥ is missing from phoibletable.csv
cç is missing from phoibletable.csv
cçʰ is missing from phoibletable.csv
e: is missing from phoibletable.csv
o: is missing from phoibletable.csv
iɘ is missing from phoibletable.csv
y̯ is missing from phoibletable.csv
ʉw is missing from phoibletable.csv
əɨ is missing from phoibletable.csv
aə is missing from phoibletable.csv
ɨj is missing from phoibletable.csv
ɨw is missing from phoibletable.csv
oʰ is missing from phoibletable.csv
ɑʰ is missing from phoibletable.csv
ŏə is missing from phoibletable.csv
ĕəʰ is missing from phoibletable.csv
ŭəʰ is missing from phoibletable.csv
ʔə is missing from phoibletable.csv
ʔɨ is missing from phoibletable.csv
əw is missing from phoibletable.csv
[ellipses] is missing from phoibletable.csv
[repeat] is missing from phoibletable.csv
ᶮdʒ is missing from phoibletable.csv
ⁿdʒ is missing from phoibletable.csv
ⁿɡ is missing from phoibletable.csv
ᵐv is missing from phoibletable.csv
ⁿz is missing from phoibletable.csv
ɾɡw is missing from phoibletable.csv
pk is missing from phoibletable.csv
mŋ is missing from phoibletable.csv
mɲ is missing from phoibletable.csv
tkw is missing from phoibletable.csv
dɡw is missing from phoibletable.csv
tʃkw is missing from phoibletable.csv
bɟ is missing from phoibletable.csv
jy is missing from phoibletable.csv
jɑ is missing from phoibletable.csv
ᵐp is missing from phoibletable.csv
ⁿt is missing from phoibletable.csv
ᵑk is missing from phoibletable.csv
ᶬf is missing from phoibletable.csv
ᶬv is missing from phoibletable.csv
ⁿs is missing from phoibletable.csv
gs is missing from phoibletable.csv
iːə is missing from phoibletable.csv
ɯːə is missing from phoibletable.csv
uːə is missing from phoibletable.csv
aːj is missing from phoibletable.csv
am is missing from phoibletable.csv
ua̯ is missing from phoibletable.csv
äː is missing from phoibletable.csv
tʃʲ is missing from phoibletable.csv
dʒʲ is missing from phoibletable.csv
rɨ is missing from phoibletable.csv
rɨː is missing from phoibletable.csv
lɨ is missing from phoibletable.csv
lɨː is missing from phoibletable.csv
aḥ is missing from phoibletable.csv
ɳʈʳ is missing from phoibletable.csv
ɳɖʳ is missing from phoibletable.csv
ˤː is missing from phoibletable.csv
dj is missing from phoibletable.csv
ji is missing from phoibletable.csv
ʃtʃ is missing from phoibletable.csv
jʊ is missing from phoibletable.csv
mj is missing from phoibletable.csv
m̥w is missing from phoibletable.csv
m̥j is missing from phoibletable.csv
ɪ̀ is missing from phoibletable.csv
ɪ̰ is missing from phoibletable.csv
ɪ́ is missing from phoibletable.csv
ɛ̀ is missing from phoibletable.csv
ḭ is missing from phoibletable.csv
ḛ is missing from phoibletable.csv
ɛ́ is missing from phoibletable.csv
eɪ˩ is missing from phoibletable.csv
ḛɪ is missing from phoibletable.csv
eɪ˥ is missing from phoibletable.csv
ḛɪɴ is missing from phoibletable.csv
í˥ is missing from phoibletable.csv
ṵ is missing from phoibletable.csv
oʊʔ is missing from phoibletable.csv
oʊ˩ is missing from phoibletable.csv
o̰ʊ is missing from phoibletable.csv
óʊ˥ is missing from phoibletable.csv
o̰ʊɴ is missing from phoibletable.csv
aʊ˩ is missing from phoibletable.csv
a̰ʊ is missing from phoibletable.csv
aʊ˥ is missing from phoibletable.csv
ɔ̀ is missing from phoibletable.csv
aɪ˩ is missing from phoibletable.csv
a̰ɪɴ is missing from phoibletable.csv
aɪ˥ is missing from phoibletable.csv
ʊ̀ is missing from phoibletable.csv
ʊ̰ is missing from phoibletable.csv
ʊ́ is missing from phoibletable.csv
N is missing from phoibletable.csv
̰ is missing from phoibletable.csv
kk is missing from phoibletable.csv
kkh is missing from phoibletable.csv
ggh is missing from phoibletable.csv
cc is missing from phoibletable.csv
cch is missing from phoibletable.csv
jj is missing from phoibletable.csv
jjh is missing from phoibletable.csv
nyc is missing from phoibletable.csv
nych is missing from phoibletable.csv
nyj is missing from phoibletable.csv
nyjh is missing from phoibletable.csv
tt is missing from phoibletable.csv
tth is missing from phoibletable.csv
dd is missing from phoibletable.csv
ddh is missing from phoibletable.csv
nth is missing from phoibletable.csv
ndh is missing from phoibletable.csv
nn is missing from phoibletable.csv
pp is missing from phoibletable.csv
pph is missing from phoibletable.csv
bb is missing from phoibletable.csv
bbh is missing from phoibletable.csv
mbh is missing from phoibletable.csv
mm is missing from phoibletable.csv
ss is missing from phoibletable.csv
ll is missing from phoibletable.csv
[at] is missing from phoibletable.csv
[ditto] is missing from phoibletable.csv
ǀ is missing from phoibletable.csv
ǃ is missing from phoibletable.csv
ǁ is missing from phoibletable.csv
ɡ̈ is missing from phoibletable.csv
dʒ̈ is missing from phoibletable.csv
ɮ̈ is missing from phoibletable.csv
i̯ is missing from phoibletable.csv
u̯ is missing from phoibletable.csv
ɛi̯ is missing from phoibletable.csv
œy̯ is missing from phoibletable.csv
yu̯ is missing from phoibletable.csv
øʏ is missing from phoibletable.csv
ᵐpʰ is missing from phoibletable.csv
wᵝ is missing from phoibletable.csv
pʷʰ is missing from phoibletable.csv
ᵐbʷ is missing from phoibletable.csv
ᵐpʷʰ is missing from phoibletable.csv
bzʲ is missing from phoibletable.csv
psʲ is missing from phoibletable.csv
ᵐbzʲ is missing from phoibletable.csv
ᵐpsʲ is missing from phoibletable.csv
ⁿtʰ is missing from phoibletable.csv
ⁿdʷ is missing from phoibletable.csv
ⁿtʷʰ is missing from phoibletable.csv
ɽʷ is missing from phoibletable.csv
ⁿdʲ is missing from phoibletable.csv
ⁿtʲʰ is missing from phoibletable.csv
ᵑg is missing from phoibletable.csv
ᵑkʰ is missing from phoibletable.csv
gʷ is missing from phoibletable.csv
ᵑgʷ is missing from phoibletable.csv
ᵑkʷʰ is missing from phoibletable.csv
ⁿtʃʰ is missing from phoibletable.csv
ⁿzʷ is missing from phoibletable.csv
ⁿsʷ is missing from phoibletable.csv
ӕ is missing from phoibletable.csv
ə̀ is missing from phoibletable.csv
eje is missing from phoibletable.csv
lɒ is missing from phoibletable.csv
dʐ is missing from phoibletable.csv
ɺ̢ is missing from phoibletable.csv
ɭ̆ is missing from phoibletable.csv
ɕɕ is missing from phoibletable.csv
ⁿɖ is missing from phoibletable.csv
ⁿd̪ is missing from phoibletable.csv
li is missing from phoibletable.csv
i̯a is missing from phoibletable.csv
i̯e is missing from phoibletable.csv
i̯u is missing from phoibletable.csv
u̯o is missing from phoibletable.csv
l̩ː is missing from phoibletable.csv
r̩ː is missing from phoibletable.csv
dʲɡ is missing from phoibletable.csv
dβz is missing from phoibletable.csv
rw is missing from phoibletable.csv
ɸs is missing from phoibletable.csv
skw is missing from phoibletable.csv
tɸs is missing from phoibletable.csv
tʲk is missing from phoibletable.csv
βz is missing from phoibletable.csv
ɞi is missing from phoibletable.csv
ɞu is missing from phoibletable.csv
bʒ is missing from phoibletable.csv
bj is missing from phoibletable.csv
ǃʰ is missing from phoibletable.csv
ᵑǃ is missing from phoibletable.csv
ɡn is missing from phoibletable.csv
ŋn is missing from phoibletable.csv
sk is missing from phoibletable.csv
ʌj is missing from phoibletable.csv
ʌʋ is missing from phoibletable.csv
ʃɕ is missing from phoibletable.csv
l̥̄ is missing from phoibletable.csv
0/4 is missing from phoibletable.csv
1/4 is missing from phoibletable.csv
2/4 is missing from phoibletable.csv
3/4 is missing from phoibletable.csv
0/16 is missing from phoibletable.csv
1/16 is missing from phoibletable.csv
2/16 is missing from phoibletable.csv
3/16 is missing from phoibletable.csv
ua˧ is missing from phoibletable.csv
ɔː˧ is missing from phoibletable.csv
ua˩ is missing from phoibletable.csv
uai˧ is missing from phoibletable.csv
aː˧ is missing from phoibletable.csv
aː˩ is missing from phoibletable.csv
aːi˧ is missing from phoibletable.csv
aːu˧ is missing from phoibletable.csv
aːu˩ is missing from phoibletable.csv
aːi˩ is missing from phoibletable.csv
ɔː˩ is missing from phoibletable.csv
ɔːi˧ is missing from phoibletable.csv
ɔːi˩ is missing from phoibletable.csv
uai˩ is missing from phoibletable.csv
rɯ˧ is missing from phoibletable.csv
rɯ˩ is missing from phoibletable.csv
rɯː˧ is missing from phoibletable.csv
rɯː˩ is missing from phoibletable.csv
lɯ˧ is missing from phoibletable.csv
lɯ˩ is missing from phoibletable.csv
lɯː˧ is missing from phoibletable.csv
lɯː˩ is missing from phoibletable.csv
a˦˨ is missing from phoibletable.csv
ua˦˨ is missing from phoibletable.csv
ɔː˦˨ is missing from phoibletable.csv
uai˦˨ is missing from phoibletable.csv
aː˦˨ is missing from phoibletable.csv
aːi˦˨ is missing from phoibletable.csv
aːu˦˨ is missing from phoibletable.csv
ɔːi˦˨ is missing from phoibletable.csv
rɯ˦˨ is missing from phoibletable.csv
rɯː˦˨ is missing from phoibletable.csv
lɯ˦˨ is missing from phoibletable.csv
lɯː˦˨ is missing from phoibletable.csv
ua˥ is missing from phoibletable.csv
ɔː˥ is missing from phoibletable.csv
uai˥ is missing from phoibletable.csv
aː˥ is missing from phoibletable.csv
aːi˥ is missing from phoibletable.csv
aːu˥ is missing from phoibletable.csv
ɔːi˥ is missing from phoibletable.csv
rɯ˥ is missing from phoibletable.csv
rɯː˥ is missing from phoibletable.csv
lɯ˥ is missing from phoibletable.csv
lɯː˥ is missing from phoibletable.csv
a˩˦ is missing from phoibletable.csv
ua˩˦ is missing from phoibletable.csv
ɔː˩˦ is missing from phoibletable.csv
uai˩˦ is missing from phoibletable.csv
aː˩˦ is missing from phoibletable.csv
aːi˩˦ is missing from phoibletable.csv
aːu˩˦ is missing from phoibletable.csv
ɔːi˩˦ is missing from phoibletable.csv
rɯ˩˦ is missing from phoibletable.csv
rɯː˩˦ is missing from phoibletable.csv
lɯ˩˦ is missing from phoibletable.csv
lɯː˩˦ is missing from phoibletable.csv
ai˧ is missing from phoibletable.csv
ai˩ is missing from phoibletable.csv
uaʔ˧ is missing from phoibletable.csv
uaʔ˩ is missing from phoibletable.csv
ai˦˨ is missing from phoibletable.csv
uaʔ˦˨ is missing from phoibletable.csv
ai˥ is missing from phoibletable.csv
uaʔ˥ is missing from phoibletable.csv
ai˩˦ is missing from phoibletable.csv
uaʔ˩˦ is missing from phoibletable.csv
i˧ is missing from phoibletable.csv
iu˧ is missing from phoibletable.csv
iu˩ is missing from phoibletable.csv
i˦˨ is missing from phoibletable.csv
iu˦˨ is missing from phoibletable.csv
iu˥ is missing from phoibletable.csv
i˩˦ is missing from phoibletable.csv
iu˩˦ is missing from phoibletable.csv
ɯ˧ is missing from phoibletable.csv
ɯ˩ is missing from phoibletable.csv
ɯ˦˨ is missing from phoibletable.csv
ɯ˥ is missing from phoibletable.csv
ɯ˩˦ is missing from phoibletable.csv
ui˧ is missing from phoibletable.csv
ui˩ is missing from phoibletable.csv
u˦˨ is missing from phoibletable.csv
ui˦˨ is missing from phoibletable.csv
ui˥ is missing from phoibletable.csv
u˩˦ is missing from phoibletable.csv
ui˩˦ is missing from phoibletable.csv
iː˧ is missing from phoibletable.csv
iː˩ is missing from phoibletable.csv
iː˦˨ is missing from phoibletable.csv
iː˥ is missing from phoibletable.csv
iː˩˦ is missing from phoibletable.csv
ɯː˧ is missing from phoibletable.csv
ɯː˩ is missing from phoibletable.csv
ɯː˦˨ is missing from phoibletable.csv
ɯː˥ is missing from phoibletable.csv
ɯː˩˦ is missing from phoibletable.csv
uː˧ is missing from phoibletable.csv
uː˩ is missing from phoibletable.csv
uː˦˨ is missing from phoibletable.csv
uː˥ is missing from phoibletable.csv
uː˩˦ is missing from phoibletable.csv
ɔ˧ is missing from phoibletable.csv
ɔi˧ is missing from phoibletable.csv
ɔi˩ is missing from phoibletable.csv
ɔ˦˨ is missing from phoibletable.csv
ɔi˦˨ is missing from phoibletable.csv
ɔi˥ is missing from phoibletable.csv
ɔ˩˦ is missing from phoibletable.csv
ɔi˩˦ is missing from phoibletable.csv
aːi is missing from phoibletable.csv
aːu is missing from phoibletable.csv
ɔːi is missing from phoibletable.csv
rɯ is missing from phoibletable.csv
rɯː is missing from phoibletable.csv
lɯ is missing from phoibletable.csv
lɯː is missing from phoibletable.csv
uaʔ is missing from phoibletable.csv
eː˧ is missing from phoibletable.csv
eː˩ is missing from phoibletable.csv
ɤːi˧ is missing from phoibletable.csv
eːu˧ is missing from phoibletable.csv
ɤː˧ is missing from phoibletable.csv
eːu˩ is missing from phoibletable.csv
ɤːi˩ is missing from phoibletable.csv
ɤː˩ is missing from phoibletable.csv
ɤʔ˧ is missing from phoibletable.csv
ɤʔ˩ is missing from phoibletable.csv
eː˦˨ is missing from phoibletable.csv
ɤːi˦˨ is missing from phoibletable.csv
eːu˦˨ is missing from phoibletable.csv
ɤː˦˨ is missing from phoibletable.csv
e˦˨ is missing from phoibletable.csv
ɤʔ˦˨ is missing from phoibletable.csv
eː˥ is missing from phoibletable.csv
ɤːi˥ is missing from phoibletable.csv
eːu˥ is missing from phoibletable.csv
ɤː˥ is missing from phoibletable.csv
ɤʔ˥ is missing from phoibletable.csv
eː˩˦ is missing from phoibletable.csv
ɤːi˩˦ is missing from phoibletable.csv
eːu˩˦ is missing from phoibletable.csv
ɤː˩˦ is missing from phoibletable.csv
e˩˦ is missing from phoibletable.csv
ɤʔ˩˦ is missing from phoibletable.csv
ia˧ is missing from phoibletable.csv
ia˩ is missing from phoibletable.csv
iau˧ is missing from phoibletable.csv
iaʔ˧ is missing from phoibletable.csv
iaʔ˩ is missing from phoibletable.csv
iau˩ is missing from phoibletable.csv
ia˦˨ is missing from phoibletable.csv
iau˦˨ is missing from phoibletable.csv
iaʔ˦˨ is missing from phoibletable.csv
ia˥ is missing from phoibletable.csv
iau˥ is missing from phoibletable.csv
iaʔ˥ is missing from phoibletable.csv
ia˩˦ is missing from phoibletable.csv
iau˩˦ is missing from phoibletable.csv
iaʔ˩˦ is missing from phoibletable.csv
ɯa˧ is missing from phoibletable.csv
ɯa˩ is missing from phoibletable.csv
ɯai˧ is missing from phoibletable.csv
ɯaʔ˧ is missing from phoibletable.csv
ɯaʔ˩ is missing from phoibletable.csv
ɯai˩ is missing from phoibletable.csv
ɯa˦˨ is missing from phoibletable.csv
ɯai˦˨ is missing from phoibletable.csv
ɯaʔ˦˨ is missing from phoibletable.csv
ɯa˥ is missing from phoibletable.csv
ɯai˥ is missing from phoibletable.csv
ɯaʔ˥ is missing from phoibletable.csv
ɯa˩˦ is missing from phoibletable.csv
ɯai˩˦ is missing from phoibletable.csv
ɯaʔ˩˦ is missing from phoibletable.csv
eu˧ is missing from phoibletable.csv
eu˩ is missing from phoibletable.csv
eu˦˨ is missing from phoibletable.csv
eu˥ is missing from phoibletable.csv
eu˩˦ is missing from phoibletable.csv
ɤːi is missing from phoibletable.csv
eːu is missing from phoibletable.csv
ɤʔ is missing from phoibletable.csv
iaʔ is missing from phoibletable.csv
ɯai is missing from phoibletable.csv
ɯaʔ is missing from phoibletable.csv
ɛː˧ is missing from phoibletable.csv
ɛː˩ is missing from phoibletable.csv
ɛːu˧ is missing from phoibletable.csv
ɛ˧ is missing from phoibletable.csv
ɛːu˩ is missing from phoibletable.csv
ɛː˦˨ is missing from phoibletable.csv
ɛːu˦˨ is missing from phoibletable.csv
ɛ˦˨ is missing from phoibletable.csv
ɛː˥ is missing from phoibletable.csv
ɛːu˥ is missing from phoibletable.csv
ɛː˩˦ is missing from phoibletable.csv
ɛːu˩˦ is missing from phoibletable.csv
ɛ˩˦ is missing from phoibletable.csv
ɛːu is missing from phoibletable.csv
oː˧ is missing from phoibletable.csv
oː˩ is missing from phoibletable.csv
oːi˧ is missing from phoibletable.csv
oːi˩ is missing from phoibletable.csv
oː˦˨ is missing from phoibletable.csv
oːi˦˨ is missing from phoibletable.csv
o˦˨ is missing from phoibletable.csv
oː˥ is missing from phoibletable.csv
oːi˥ is missing from phoibletable.csv
oː˩˦ is missing from phoibletable.csv
oːi˩˦ is missing from phoibletable.csv
o˩˦ is missing from phoibletable.csv
oːi is missing from phoibletable.csv
d͡ʒ is missing from phoibletable.csv
ɽʰ is missing from phoibletable.csv
jɒ is missing from phoibletable.csv
jæ is missing from phoibletable.csv
ʈ͡ʂ is missing from phoibletable.csv
a˥˨ is missing from phoibletable.csv
ɛ˩˩˧ is missing from phoibletable.csv
ã˥˨ is missing from phoibletable.csv
ɔ˧˧˥ is missing from phoibletable.csv
ʱoʔ˨ is missing from phoibletable.csv
əʔ˨ is missing from phoibletable.csv
ŋ˩˩˧ is missing from phoibletable.csv
i˩˩˧ is missing from phoibletable.csv
ȵʱ is missing from phoibletable.csv
iɪʔ˨ is missing from phoibletable.csv
n˩˩˧ is missing from phoibletable.csv
iɔ˧˧˥ is missing from phoibletable.csv
ɤɯ is missing from phoibletable.csv
ɪʔ is missing from phoibletable.csv
ɐˑ is missing from phoibletable.csv
ʑ̊ is missing from phoibletable.csv
ɐʔ is missing from phoibletable.csv
iɪʔ is missing from phoibletable.csv
yø is missing from phoibletable.csv
oʔ is missing from phoibletable.csv
əʔ is missing from phoibletable.csv
ɔʔ is missing from phoibletable.csv
ɡ̊ǀʱ is missing from phoibletable.csv
ɡ̊ǁʱ is missing from phoibletable.csv
ɡ̊ǃʱ is missing from phoibletable.csv
ŋǀʱ is missing from phoibletable.csv
ŋǁʱ is missing from phoibletable.csv
ŋǀˀ is missing from phoibletable.csv
ŋǁˀ is missing from phoibletable.csv
ŋǃˀ is missing from phoibletable.csv
dʲʱ is missing from phoibletable.csv
ɡ̊ʱ is missing from phoibletable.csv
ʒ̈ is missing from phoibletable.csv
ɣ̈ is missing from phoibletable.csv
ŋ̈ is missing from phoibletable.csv
j̈ is missing from phoibletable.csv
ɛ̃˧ is missing from phoibletable.csv
ĩ˧ is missing from phoibletable.csv
ŋ˦ is missing from phoibletable.csv
ŋ˨ is missing from phoibletable.csv
ŋ˧ is missing from phoibletable.csv
ɔ̃˧ is missing from phoibletable.csv
ũ˧ is missing from phoibletable.csv
ɛ˦ is missing from phoibletable.csv
ɛ˨ is missing from phoibletable.csv
ɛ̃˦ is missing from phoibletable.csv
ɛ̃˨ is missing from phoibletable.csv
ĩ˦ is missing from phoibletable.csv
ĩ˨ is missing from phoibletable.csv
ɔ˦ is missing from phoibletable.csv
ɔ˨ is missing from phoibletable.csv
ɔ̃˦ is missing from phoibletable.csv
ɔ̃˨ is missing from phoibletable.csv
ũ˦ is missing from phoibletable.csv
ũ˨ is missing from phoibletable.csv
aːm is missing from phoibletable.csv
aːn is missing from phoibletable.csv
aːŋ is missing from phoibletable.csv
aːp is missing from phoibletable.csv
aːt is missing from phoibletable.csv
aːk is missing from phoibletable.csv
ɐm is missing from phoibletable.csv
ɐn is missing from phoibletable.csv
ɐŋ is missing from phoibletable.csv
ɐp is missing from phoibletable.csv
ɐt is missing from phoibletable.csv
ɐk is missing from phoibletable.csv
ɛːm is missing from phoibletable.csv
ɛːŋ is missing from phoibletable.csv
ɛːp is missing from phoibletable.csv
ɛːk is missing from phoibletable.csv
iːu is missing from phoibletable.csv
iːm is missing from phoibletable.csv
iːn is missing from phoibletable.csv
ɪŋ is missing from phoibletable.csv
iːp is missing from phoibletable.csv
iːt is missing from phoibletable.csv
ɪk is missing from phoibletable.csv
ɔːn is missing from phoibletable.csv
ɔːŋ is missing from phoibletable.csv
ɔːt is missing from phoibletable.csv
ɔːk is missing from phoibletable.csv
uːi is missing from phoibletable.csv
uːn is missing from phoibletable.csv
ʊŋ is missing from phoibletable.csv
uːt is missing from phoibletable.csv
ʊk is missing from phoibletable.csv
ɵy is missing from phoibletable.csv
ɵn is missing from phoibletable.csv
œːŋ is missing from phoibletable.csv
ɵt is missing from phoibletable.csv
œːk is missing from phoibletable.csv
yːn is missing from phoibletable.csv
yːt is missing from phoibletable.csv
˩˧ is missing from phoibletable.csv
kʰw is missing from phoibletable.csv
an is missing from phoibletable.csv
aŋ is missing from phoibletable.csv
ap is missing from phoibletable.csv
at is missing from phoibletable.csv
ak is missing from phoibletable.csv
ɛŋ is missing from phoibletable.csv
ɛk is missing from phoibletable.csv
im is missing from phoibletable.csv
in is missing from phoibletable.csv
ip is missing from phoibletable.csv
it is missing from phoibletable.csv
ɔn is missing from phoibletable.csv
ɔŋ is missing from phoibletable.csv
ɔt is missing from phoibletable.csv
ɔk is missing from phoibletable.csv
un is missing from phoibletable.csv
ut is missing from phoibletable.csv
œŋ is missing from phoibletable.csv
œk is missing from phoibletable.csv
yn is missing from phoibletable.csv
yt is missing from phoibletable.csv
ǀʰ is missing from phoibletable.csv
ǁʰ is missing from phoibletable.csv
ᶢǀʱ is missing from phoibletable.csv
ᶢǁʱ is missing from phoibletable.csv
ᶢǃʱ is missing from phoibletable.csv
ᵑǀ is missing from phoibletable.csv
ᵑǁ is missing from phoibletable.csv
ᵑǀʱ is missing from phoibletable.csv
ᵑǁʱ is missing from phoibletable.csv
ᵑǃʱ is missing from phoibletable.csv
